{"numTotalTestSuites":2,"numPassedTestSuites":2,"numFailedTestSuites":0,"numPendingTestSuites":0,"numTotalTests":434,"numPassedTests":434,"numFailedTests":0,"numPendingTests":0,"numTodoTests":0,"startTime":1773547056552,"success":true,"testResults":[{"assertionResults":[{"ancestorTitles":["","Block functional cross-platform verification"],"fullName":" Block functional cross-platform verification Block [arduino_var_declare] should generate code across platforms","status":"pending","title":"Block [arduino_var_declare] should generate code across platforms","failureMessages":[]},{"ancestorTitles":["","Block functional cross-platform verification"],"fullName":" Block functional cross-platform verification Block [arduino_var_set_dynamic] should generate code across platforms","status":"pending","title":"Block [arduino_var_set_dynamic] should generate code across platforms","failureMessages":[]},{"ancestorTitles":["","Block functional cross-platform verification"],"fullName":" Block functional cross-platform verification Block [arduino_var_get_dynamic] should generate code across platforms","status":"pending","title":"Block [arduino_var_get_dynamic] should generate code across platforms","failureMessages":[]},{"ancestorTitles":["","Block functional cross-platform verification"],"fullName":" Block functional cross-platform verification Block [c_macro_define] should generate code across platforms","status":"pending","title":"Block [c_macro_define] should generate code across platforms","failureMessages":[]},{"ancestorTitles":["","Block functional cross-platform verification"],"fullName":" Block functional cross-platform verification Block [c_macro_get] should generate code across platforms","status":"pending","title":"Block [c_macro_get] should generate code across platforms","failureMessages":[]},{"ancestorTitles":["","Block functional cross-platform verification"],"fullName":" Block functional cross-platform verification Block [c_include] should generate code across platforms","status":"pending","title":"Block [c_include] should generate code across platforms","failureMessages":[]},{"ancestorTitles":["","Block functional cross-platform verification"],"fullName":" Block functional cross-platform verification Block [c_array_define] should generate code across platforms","status":"pending","title":"Block [c_array_define] should generate code across platforms","failureMessages":[]},{"ancestorTitles":["","Block functional cross-platform verification"],"fullName":" Block functional cross-platform verification Block [c_array_init_container] should generate code across platforms","status":"pending","title":"Block [c_array_init_container] should generate code across platforms","failureMessages":[]},{"ancestorTitles":["","Block functional cross-platform verification"],"fullName":" Block functional cross-platform verification Block [c_array_init_item] should generate code across platforms","status":"pending","title":"Block [c_array_init_item] should generate code across platforms","failureMessages":[]},{"ancestorTitles":["","Block functional cross-platform verification"],"fullName":" Block functional cross-platform verification Block [c_array_dims_container] should generate code across platforms","status":"pending","title":"Block [c_array_dims_container] should generate code across platforms","failureMessages":[]},{"ancestorTitles":["","Block functional cross-platform verification"],"fullName":" Block functional cross-platform verification Block [c_array_dim_item] should generate code across platforms","status":"pending","title":"Block [c_array_dim_item] should generate code across platforms","failureMessages":[]},{"ancestorTitles":["","Block functional cross-platform verification"],"fullName":" Block functional cross-platform verification Block [c_array_get_element] should generate code across platforms","status":"pending","title":"Block [c_array_get_element] should generate code across platforms","failureMessages":[]},{"ancestorTitles":["","Block functional cross-platform verification"],"fullName":" Block functional cross-platform verification Block [c_array_set_element] should generate code across platforms","status":"pending","title":"Block [c_array_set_element] should generate code across platforms","failureMessages":[]},{"ancestorTitles":["","Block functional cross-platform verification"],"fullName":" Block functional cross-platform verification Block [c_array_get_whole] should generate code across platforms","status":"pending","title":"Block [c_array_get_whole] should generate code across platforms","failureMessages":[]},{"ancestorTitles":["","Block functional cross-platform verification"],"fullName":" Block functional cross-platform verification Block [c_struct_define] should generate code across platforms","status":"pending","title":"Block [c_struct_define] should generate code across platforms","failureMessages":[]},{"ancestorTitles":["","Block functional cross-platform verification"],"fullName":" Block functional cross-platform verification Block [c_struct_container] should generate code across platforms","status":"pending","title":"Block [c_struct_container] should generate code across platforms","failureMessages":[]},{"ancestorTitles":["","Block functional cross-platform verification"],"fullName":" Block functional cross-platform verification Block [c_struct_member_item] should generate code across platforms","status":"pending","title":"Block [c_struct_member_item] should generate code across platforms","failureMessages":[]},{"ancestorTitles":["","Block functional cross-platform verification"],"fullName":" Block functional cross-platform verification Block [c_enum_define] should generate code across platforms","status":"pending","title":"Block [c_enum_define] should generate code across platforms","failureMessages":[]},{"ancestorTitles":["","Block functional cross-platform verification"],"fullName":" Block functional cross-platform verification Block [c_enum_container] should generate code across platforms","status":"pending","title":"Block [c_enum_container] should generate code across platforms","failureMessages":[]},{"ancestorTitles":["","Block functional cross-platform verification"],"fullName":" Block functional cross-platform verification Block [c_enum_item] should generate code across platforms","status":"pending","title":"Block [c_enum_item] should generate code across platforms","failureMessages":[]},{"ancestorTitles":["","Block functional cross-platform verification"],"fullName":" Block functional cross-platform verification Block [c_struct_var_declare] should generate code across platforms","status":"pending","title":"Block [c_struct_var_declare] should generate code across platforms","failureMessages":[]},{"ancestorTitles":["","Block functional cross-platform verification"],"fullName":" Block functional cross-platform verification Block [c_enum_var_declare] should generate code across platforms","status":"pending","title":"Block [c_enum_var_declare] should generate code across platforms","failureMessages":[]},{"ancestorTitles":["","Block functional cross-platform verification"],"fullName":" Block functional cross-platform verification Block [c_enum_value] should generate code across platforms","status":"pending","title":"Block [c_enum_value] should generate code across platforms","failureMessages":[]},{"ancestorTitles":["","Block functional cross-platform verification"],"fullName":" Block functional cross-platform verification Block [c_enum_set] should generate code across platforms","status":"pending","title":"Block [c_enum_set] should generate code across platforms","failureMessages":[]},{"ancestorTitles":["","Block functional cross-platform verification"],"fullName":" Block functional cross-platform verification Block [c_enum_get] should generate code across platforms","status":"pending","title":"Block [c_enum_get] should generate code across platforms","failureMessages":[]},{"ancestorTitles":["","Block functional cross-platform verification"],"fullName":" Block functional cross-platform verification Block [c_struct_get_member] should generate code across platforms","status":"pending","title":"Block [c_struct_get_member] should generate code across platforms","failureMessages":[]},{"ancestorTitles":["","Block functional cross-platform verification"],"fullName":" Block functional cross-platform verification Block [c_struct_set_member] should generate code across platforms","status":"pending","title":"Block [c_struct_set_member] should generate code across platforms","failureMessages":[]},{"ancestorTitles":["","Block functional cross-platform verification"],"fullName":" Block functional cross-platform verification Block [c_struct_get_whole] should generate code across platforms","status":"pending","title":"Block [c_struct_get_whole] should generate code across platforms","failureMessages":[]},{"ancestorTitles":["","Block functional cross-platform verification"],"fullName":" Block functional cross-platform verification Block [c_sizeof] should generate code across platforms","status":"pending","title":"Block [c_sizeof] should generate code across platforms","failureMessages":[]},{"ancestorTitles":["","Block functional cross-platform verification"],"fullName":" Block functional cross-platform verification Block [c_type_cast] should generate code across platforms","status":"pending","title":"Block [c_type_cast] should generate code across platforms","failureMessages":[]},{"ancestorTitles":["","Block functional cross-platform verification"],"fullName":" Block functional cross-platform verification Block [c_address_of] should generate code across platforms","status":"pending","title":"Block [c_address_of] should generate code across platforms","failureMessages":[]},{"ancestorTitles":["","Block functional cross-platform verification"],"fullName":" Block functional cross-platform verification Block [arduino_functions_return] should generate code across platforms","status":"pending","title":"Block [arduino_functions_return] should generate code across platforms","failureMessages":[]},{"ancestorTitles":["","Block functional cross-platform verification"],"fullName":" Block functional cross-platform verification Block [c_dereference] should generate code across platforms","status":"pending","title":"Block [c_dereference] should generate code across platforms","failureMessages":[]},{"ancestorTitles":["","Block functional cross-platform verification"],"fullName":" Block functional cross-platform verification Block [tinyml_knn_init] should generate code across platforms","status":"pending","title":"Block [tinyml_knn_init] should generate code across platforms","failureMessages":[]},{"ancestorTitles":["","Block functional cross-platform verification"],"fullName":" Block functional cross-platform verification Block [tinyml_knn_add] should generate code across platforms","status":"pending","title":"Block [tinyml_knn_add] should generate code across platforms","failureMessages":[]},{"ancestorTitles":["","Block functional cross-platform verification"],"fullName":" Block functional cross-platform verification Block [tinyml_knn_classify] should generate code across platforms","status":"pending","title":"Block [tinyml_knn_classify] should generate code across platforms","failureMessages":[]},{"ancestorTitles":["","Block functional cross-platform verification"],"fullName":" Block functional cross-platform verification Block [game_init] should generate code across platforms","status":"pending","title":"Block [game_init] should generate code across platforms","failureMessages":[]},{"ancestorTitles":["","Block functional cross-platform verification"],"fullName":" Block functional cross-platform verification Block [game_create_sprite] should generate code across platforms","status":"pending","title":"Block [game_create_sprite] should generate code across platforms","failureMessages":[]},{"ancestorTitles":["","Block functional cross-platform verification"],"fullName":" Block functional cross-platform verification Block [game_set_velocity] should generate code across platforms","status":"pending","title":"Block [game_set_velocity] should generate code across platforms","failureMessages":[]},{"ancestorTitles":["","Block functional cross-platform verification"],"fullName":" Block functional cross-platform verification Block [game_update_all] should generate code across platforms","status":"pending","title":"Block [game_update_all] should generate code across platforms","failureMessages":[]},{"ancestorTitles":["","Block functional cross-platform verification"],"fullName":" Block functional cross-platform verification Block [game_check_collision] should generate code across platforms","status":"pending","title":"Block [game_check_collision] should generate code across platforms","failureMessages":[]},{"ancestorTitles":["","Block functional cross-platform verification"],"fullName":" Block functional cross-platform verification Block [game_get_prop] should generate code across platforms","status":"pending","title":"Block [game_get_prop] should generate code across platforms","failureMessages":[]},{"ancestorTitles":["","Block functional cross-platform verification"],"fullName":" Block functional cross-platform verification Block [menu_create] should generate code across platforms","status":"pending","title":"Block [menu_create] should generate code across platforms","failureMessages":[]},{"ancestorTitles":["","Block functional cross-platform verification"],"fullName":" Block functional cross-platform verification Block [menu_add_item] should generate code across platforms","status":"pending","title":"Block [menu_add_item] should generate code across platforms","failureMessages":[]},{"ancestorTitles":["","Block functional cross-platform verification"],"fullName":" Block functional cross-platform verification Block [menu_manage_input] should generate code across platforms","status":"pending","title":"Block [menu_manage_input] should generate code across platforms","failureMessages":[]},{"ancestorTitles":["","Block functional cross-platform verification"],"fullName":" Block functional cross-platform verification Block [menu_nav] should generate code across platforms","status":"pending","title":"Block [menu_nav] should generate code across platforms","failureMessages":[]},{"ancestorTitles":["","Block functional cross-platform verification"],"fullName":" Block functional cross-platform verification Block [menu_get_current] should generate code across platforms","status":"pending","title":"Block [menu_get_current] should generate code across platforms","failureMessages":[]},{"ancestorTitles":["","Block functional cross-platform verification"],"fullName":" Block functional cross-platform verification Block [c_do_while] should generate code across platforms","status":"pending","title":"Block [c_do_while] should generate code across platforms","failureMessages":[]},{"ancestorTitles":["","Block functional cross-platform verification"],"fullName":" Block functional cross-platform verification Block [c_for_custom] should generate code across platforms","status":"pending","title":"Block [c_for_custom] should generate code across platforms","failureMessages":[]},{"ancestorTitles":["","Block functional cross-platform verification"],"fullName":" Block functional cross-platform verification Block [arduino_delay_ms] should generate code across platforms","status":"pending","title":"Block [arduino_delay_ms] should generate code across platforms","failureMessages":[]},{"ancestorTitles":["","Block functional cross-platform verification"],"fullName":" Block functional cross-platform verification Block [arduino_millis] should generate code across platforms","status":"pending","title":"Block [arduino_millis] should generate code across platforms","failureMessages":[]},{"ancestorTitles":["","Block functional cross-platform verification"],"fullName":" Block functional cross-platform verification Block [arduino_micros] should generate code across platforms","status":"pending","title":"Block [arduino_micros] should generate code across platforms","failureMessages":[]},{"ancestorTitles":["","Block functional cross-platform verification"],"fullName":" Block functional cross-platform verification Block [timer_every] should generate code across platforms","status":"pending","title":"Block [timer_every] should generate code across platforms","failureMessages":[]},{"ancestorTitles":["","Block functional cross-platform verification"],"fullName":" Block functional cross-platform verification Block [timer_once] should generate code across platforms","status":"pending","title":"Block [timer_once] should generate code across platforms","failureMessages":[]},{"ancestorTitles":["","Block functional cross-platform verification"],"fullName":" Block functional cross-platform verification Block [arduino_param_def] should generate code across platforms","status":"pending","title":"Block [arduino_param_def] should generate code across platforms","failureMessages":[]},{"ancestorTitles":["","Block functional cross-platform verification"],"fullName":" Block functional cross-platform verification Block [arduino_functions_def_flexible] should generate code across platforms","status":"pending","title":"Block [arduino_functions_def_flexible] should generate code across platforms","failureMessages":[]},{"ancestorTitles":["","Block functional cross-platform verification"],"fullName":" Block functional cross-platform verification Block [arduino_functions_call_dynamic] should generate code across platforms","status":"pending","title":"Block [arduino_functions_call_dynamic] should generate code across platforms","failureMessages":[]},{"ancestorTitles":["","Block functional cross-platform verification"],"fullName":" Block functional cross-platform verification Block [arduino_functions_call_ret] should generate code across platforms","status":"pending","title":"Block [arduino_functions_call_ret] should generate code across platforms","failureMessages":[]},{"ancestorTitles":["","Block functional cross-platform verification"],"fullName":" Block functional cross-platform verification Block [arduino_entry_root] should generate code across platforms","status":"pending","title":"Block [arduino_entry_root] should generate code across platforms","failureMessages":[]},{"ancestorTitles":["","Block functional cross-platform verification"],"fullName":" Block functional cross-platform verification Block [arduino_call_arg_container] should generate code across platforms","status":"pending","title":"Block [arduino_call_arg_container] should generate code across platforms","failureMessages":[]},{"ancestorTitles":["","Block functional cross-platform verification"],"fullName":" Block functional cross-platform verification Block [arduino_call_arg_item] should generate code across platforms","status":"pending","title":"Block [arduino_call_arg_item] should generate code across platforms","failureMessages":[]},{"ancestorTitles":["","Block functional cross-platform verification"],"fullName":" Block functional cross-platform verification Block [c_to_string] should generate code across platforms","status":"pending","title":"Block [c_to_string] should generate code across platforms","failureMessages":[]},{"ancestorTitles":["","Block functional cross-platform verification"],"fullName":" Block functional cross-platform verification Block [c_text_join] should generate code across platforms","status":"pending","title":"Block [c_text_join] should generate code across platforms","failureMessages":[]},{"ancestorTitles":["","Block functional cross-platform verification"],"fullName":" Block functional cross-platform verification Block [data_csv_create] should generate code across platforms","status":"pending","title":"Block [data_csv_create] should generate code across platforms","failureMessages":[]},{"ancestorTitles":["","Block functional cross-platform verification"],"fullName":" Block functional cross-platform verification Block [data_csv_parse] should generate code across platforms","status":"pending","title":"Block [data_csv_parse] should generate code across platforms","failureMessages":[]},{"ancestorTitles":["","Block functional cross-platform verification"],"fullName":" Block functional cross-platform verification Block [dict_create] should generate code across platforms","status":"pending","title":"Block [dict_create] should generate code across platforms","failureMessages":[]},{"ancestorTitles":["","Block functional cross-platform verification"],"fullName":" Block functional cross-platform verification Block [dict_set] should generate code across platforms","status":"pending","title":"Block [dict_set] should generate code across platforms","failureMessages":[]},{"ancestorTitles":["","Block functional cross-platform verification"],"fullName":" Block functional cross-platform verification Block [dict_get] should generate code across platforms","status":"pending","title":"Block [dict_get] should generate code across platforms","failureMessages":[]},{"ancestorTitles":["","Block functional cross-platform verification"],"fullName":" Block functional cross-platform verification Block [dict_exists] should generate code across platforms","status":"pending","title":"Block [dict_exists] should generate code across platforms","failureMessages":[]},{"ancestorTitles":["","Block functional cross-platform verification"],"fullName":" Block functional cross-platform verification Block [system_interrupt_attach] should generate code across platforms","status":"pending","title":"Block [system_interrupt_attach] should generate code across platforms","failureMessages":[]},{"ancestorTitles":["","Block functional cross-platform verification"],"fullName":" Block functional cross-platform verification Block [system_interrupt_referrer] should generate code across platforms","status":"pending","title":"Block [system_interrupt_referrer] should generate code across platforms","failureMessages":[]},{"ancestorTitles":["","Block functional cross-platform verification"],"fullName":" Block functional cross-platform verification Block [system_interrupts_enable] should generate code across platforms","status":"pending","title":"Block [system_interrupts_enable] should generate code across platforms","failureMessages":[]},{"ancestorTitles":["","Block functional cross-platform verification"],"fullName":" Block functional cross-platform verification Block [system_interrupts_disable] should generate code across platforms","status":"pending","title":"Block [system_interrupts_disable] should generate code across platforms","failureMessages":[]},{"ancestorTitles":["","Block functional cross-platform verification"],"fullName":" Block functional cross-platform verification Block [system_pulse_in] should generate code across platforms","status":"pending","title":"Block [system_pulse_in] should generate code across platforms","failureMessages":[]},{"ancestorTitles":["","Block functional cross-platform verification"],"fullName":" Block functional cross-platform verification Block [system_millis] should generate code across platforms","status":"pending","title":"Block [system_millis] should generate code across platforms","failureMessages":[]},{"ancestorTitles":["","Block functional cross-platform verification"],"fullName":" Block functional cross-platform verification Block [system_micros] should generate code across platforms","status":"pending","title":"Block [system_micros] should generate code across platforms","failureMessages":[]},{"ancestorTitles":["","Block functional cross-platform verification"],"fullName":" Block functional cross-platform verification Block [system_software_reset] should generate code across platforms","status":"pending","title":"Block [system_software_reset] should generate code across platforms","failureMessages":[]},{"ancestorTitles":["","Block functional cross-platform verification"],"fullName":" Block functional cross-platform verification Block [rtos_task_create] should generate code across platforms","status":"pending","title":"Block [rtos_task_create] should generate code across platforms","failureMessages":[]},{"ancestorTitles":["","Block functional cross-platform verification"],"fullName":" Block functional cross-platform verification Block [rtos_delay] should generate code across platforms","status":"pending","title":"Block [rtos_delay] should generate code across platforms","failureMessages":[]},{"ancestorTitles":["","Block functional cross-platform verification"],"fullName":" Block functional cross-platform verification Block [pid_create] should generate code across platforms","status":"pending","title":"Block [pid_create] should generate code across platforms","failureMessages":[]},{"ancestorTitles":["","Block functional cross-platform verification"],"fullName":" Block functional cross-platform verification Block [pid_compute] should generate code across platforms","status":"pending","title":"Block [pid_compute] should generate code across platforms","failureMessages":[]},{"ancestorTitles":["","Block functional cross-platform verification"],"fullName":" Block functional cross-platform verification Block [pid_tunings] should generate code across platforms","status":"pending","title":"Block [pid_tunings] should generate code across platforms","failureMessages":[]},{"ancestorTitles":["","Block functional cross-platform verification"],"fullName":" Block functional cross-platform verification Block [json_parse] should generate code across platforms","status":"pending","title":"Block [json_parse] should generate code across platforms","failureMessages":[]},{"ancestorTitles":["","Block functional cross-platform verification"],"fullName":" Block functional cross-platform verification Block [json_get_key] should generate code across platforms","status":"pending","title":"Block [json_get_key] should generate code across platforms","failureMessages":[]},{"ancestorTitles":["","Block functional cross-platform verification"],"fullName":" Block functional cross-platform verification Block [json_create_doc] should generate code across platforms","status":"pending","title":"Block [json_create_doc] should generate code across platforms","failureMessages":[]},{"ancestorTitles":["","Block functional cross-platform verification"],"fullName":" Block functional cross-platform verification Block [json_set_key] should generate code across platforms","status":"pending","title":"Block [json_set_key] should generate code across platforms","failureMessages":[]},{"ancestorTitles":["","Block functional cross-platform verification"],"fullName":" Block functional cross-platform verification Block [json_serialize] should generate code across platforms","status":"pending","title":"Block [json_serialize] should generate code across platforms","failureMessages":[]},{"ancestorTitles":["","Block functional cross-platform verification"],"fullName":" Block functional cross-platform verification Block [filter_kalman_init] should generate code across platforms","status":"pending","title":"Block [filter_kalman_init] should generate code across platforms","failureMessages":[]},{"ancestorTitles":["","Block functional cross-platform verification"],"fullName":" Block functional cross-platform verification Block [filter_kalman_update] should generate code across platforms","status":"pending","title":"Block [filter_kalman_update] should generate code across platforms","failureMessages":[]},{"ancestorTitles":["","Block functional cross-platform verification"],"fullName":" Block functional cross-platform verification Block [filter_lowpass] should generate code across platforms","status":"pending","title":"Block [filter_lowpass] should generate code across platforms","failureMessages":[]},{"ancestorTitles":["","Block functional cross-platform verification"],"fullName":" Block functional cross-platform verification Block [crypto_md5] should generate code across platforms","status":"pending","title":"Block [crypto_md5] should generate code across platforms","failureMessages":[]},{"ancestorTitles":["","Block functional cross-platform verification"],"fullName":" Block functional cross-platform verification Block [crypto_sha256] should generate code across platforms","status":"pending","title":"Block [crypto_sha256] should generate code across platforms","failureMessages":[]},{"ancestorTitles":["","Block functional cross-platform verification"],"fullName":" Block functional cross-platform verification Block [crypto_base64_encode] should generate code across platforms","status":"pending","title":"Block [crypto_base64_encode] should generate code across platforms","failureMessages":[]},{"ancestorTitles":["","Block functional cross-platform verification"],"fullName":" Block functional cross-platform verification Block [crypto_base64_decode] should generate code across platforms","status":"pending","title":"Block [crypto_base64_decode] should generate code across platforms","failureMessages":[]},{"ancestorTitles":["","Block functional cross-platform verification"],"fullName":" Block functional cross-platform verification Block [stats_average] should generate code across platforms","status":"pending","title":"Block [stats_average] should generate code across platforms","failureMessages":[]},{"ancestorTitles":["","Block functional cross-platform verification"],"fullName":" Block functional cross-platform verification Block [stats_min_max] should generate code across platforms","status":"pending","title":"Block [stats_min_max] should generate code across platforms","failureMessages":[]},{"ancestorTitles":["","Block functional cross-platform verification"],"fullName":" Block functional cross-platform verification Block [log_to_serial_csv] should generate code across platforms","status":"pending","title":"Block [log_to_serial_csv] should generate code across platforms","failureMessages":[]},{"ancestorTitles":["","Block functional cross-platform verification"],"fullName":" Block functional cross-platform verification Block [log_plotter_print] should generate code across platforms","status":"pending","title":"Block [log_plotter_print] should generate code across platforms","failureMessages":[]},{"ancestorTitles":["","Block functional cross-platform verification"],"fullName":" Block functional cross-platform verification Block [temp_read] should generate code across platforms","status":"pending","title":"Block [temp_read] should generate code across platforms","failureMessages":[]},{"ancestorTitles":["","Block functional cross-platform verification"],"fullName":" Block functional cross-platform verification Block [diag_free_heap] should generate code across platforms","status":"pending","title":"Block [diag_free_heap] should generate code across platforms","failureMessages":[]},{"ancestorTitles":["","Block functional cross-platform verification"],"fullName":" Block functional cross-platform verification Block [diag_uptime] should generate code across platforms","status":"pending","title":"Block [diag_uptime] should generate code across platforms","failureMessages":[]},{"ancestorTitles":["","Block functional cross-platform verification"],"fullName":" Block functional cross-platform verification Block [diag_restart_reason] should generate code across platforms","status":"pending","title":"Block [diag_restart_reason] should generate code across platforms","failureMessages":[]},{"ancestorTitles":["","Block functional cross-platform verification"],"fullName":" Block functional cross-platform verification Block [diag_chip_model] should generate code across platforms","status":"pending","title":"Block [diag_chip_model] should generate code across platforms","failureMessages":[]},{"ancestorTitles":["","Block functional cross-platform verification"],"fullName":" Block functional cross-platform verification Block [esp_deep_sleep] should generate code across platforms","status":"pending","title":"Block [esp_deep_sleep] should generate code across platforms","failureMessages":[]},{"ancestorTitles":["","Block functional cross-platform verification"],"fullName":" Block functional cross-platform verification Block [esp_restart] should generate code across platforms","status":"pending","title":"Block [esp_restart] should generate code across platforms","failureMessages":[]},{"ancestorTitles":["","Block functional cross-platform verification"],"fullName":" Block functional cross-platform verification Block [esp_yield] should generate code across platforms","status":"pending","title":"Block [esp_yield] should generate code across platforms","failureMessages":[]},{"ancestorTitles":["","Block functional cross-platform verification"],"fullName":" Block functional cross-platform verification Block [esp_ticker_attach] should generate code across platforms","status":"pending","title":"Block [esp_ticker_attach] should generate code across platforms","failureMessages":[]},{"ancestorTitles":["","Block functional cross-platform verification"],"fullName":" Block functional cross-platform verification Block [esp_ticker_detach] should generate code across platforms","status":"pending","title":"Block [esp_ticker_detach] should generate code across platforms","failureMessages":[]},{"ancestorTitles":["","Block functional cross-platform verification"],"fullName":" Block functional cross-platform verification Block [esp32_wifi_connect] should generate code across platforms","status":"pending","title":"Block [esp32_wifi_connect] should generate code across platforms","failureMessages":[]},{"ancestorTitles":["","Block functional cross-platform verification"],"fullName":" Block functional cross-platform verification Block [esp32_deep_sleep] should generate code across platforms","status":"pending","title":"Block [esp32_deep_sleep] should generate code across platforms","failureMessages":[]},{"ancestorTitles":["","Block functional cross-platform verification"],"fullName":" Block functional cross-platform verification Block [esp32_hall_read] should generate code across platforms","status":"pending","title":"Block [esp32_hall_read] should generate code across platforms","failureMessages":[]},{"ancestorTitles":["","Block functional cross-platform verification"],"fullName":" Block functional cross-platform verification Block [esp32_touch_read] should generate code across platforms","status":"pending","title":"Block [esp32_touch_read] should generate code across platforms","failureMessages":[]},{"ancestorTitles":["","Block functional cross-platform verification"],"fullName":" Block functional cross-platform verification Block [arduino_servo_attach] should generate code across platforms","status":"pending","title":"Block [arduino_servo_attach] should generate code across platforms","failureMessages":[]},{"ancestorTitles":["","Block functional cross-platform verification"],"fullName":" Block functional cross-platform verification Block [arduino_servo_write] should generate code across platforms","status":"pending","title":"Block [arduino_servo_write] should generate code across platforms","failureMessages":[]},{"ancestorTitles":["","Block functional cross-platform verification"],"fullName":" Block functional cross-platform verification Block [arduino_servo_read] should generate code across platforms","status":"pending","title":"Block [arduino_servo_read] should generate code across platforms","failureMessages":[]},{"ancestorTitles":["","Block functional cross-platform verification"],"fullName":" Block functional cross-platform verification Block [arduino_servo_detach] should generate code across platforms","status":"pending","title":"Block [arduino_servo_detach] should generate code across platforms","failureMessages":[]},{"ancestorTitles":["","Block functional cross-platform verification"],"fullName":" Block functional cross-platform verification Block [arduino_digital_write] should generate code across platforms","status":"pending","title":"Block [arduino_digital_write] should generate code across platforms","failureMessages":[]},{"ancestorTitles":["","Block functional cross-platform verification"],"fullName":" Block functional cross-platform verification Block [arduino_digital_toggle] should generate code across platforms","status":"pending","title":"Block [arduino_digital_toggle] should generate code across platforms","failureMessages":[]},{"ancestorTitles":["","Block functional cross-platform verification"],"fullName":" Block functional cross-platform verification Block [arduino_digital_read] should generate code across platforms","status":"pending","title":"Block [arduino_digital_read] should generate code across platforms","failureMessages":[]},{"ancestorTitles":["","Block functional cross-platform verification"],"fullName":" Block functional cross-platform verification Block [arduino_analog_write] should generate code across platforms","status":"pending","title":"Block [arduino_analog_write] should generate code across platforms","failureMessages":[]},{"ancestorTitles":["","Block functional cross-platform verification"],"fullName":" Block functional cross-platform verification Block [arduino_tone] should generate code across platforms","status":"pending","title":"Block [arduino_tone] should generate code across platforms","failureMessages":[]},{"ancestorTitles":["","Block functional cross-platform verification"],"fullName":" Block functional cross-platform verification Block [io_shiftout] should generate code across platforms","status":"pending","title":"Block [io_shiftout] should generate code across platforms","failureMessages":[]},{"ancestorTitles":["","Block functional cross-platform verification"],"fullName":" Block functional cross-platform verification Block [io_shiftin] should generate code across platforms","status":"pending","title":"Block [io_shiftin] should generate code across platforms","failureMessages":[]},{"ancestorTitles":["","Block functional cross-platform verification"],"fullName":" Block functional cross-platform verification Block [arduino_analog_read] should generate code across platforms","status":"pending","title":"Block [arduino_analog_read] should generate code across platforms","failureMessages":[]},{"ancestorTitles":["","Block functional cross-platform verification"],"fullName":" Block functional cross-platform verification Block [arduino_map] should generate code across platforms","status":"pending","title":"Block [arduino_map] should generate code across platforms","failureMessages":[]},{"ancestorTitles":["","Block functional cross-platform verification"],"fullName":" Block functional cross-platform verification Block [arduino_i2c_init] should generate code across platforms","status":"pending","title":"Block [arduino_i2c_init] should generate code across platforms","failureMessages":[]},{"ancestorTitles":["","Block functional cross-platform verification"],"fullName":" Block functional cross-platform verification Block [arduino_i2c_config] should generate code across platforms","status":"pending","title":"Block [arduino_i2c_config] should generate code across platforms","failureMessages":[]},{"ancestorTitles":["","Block functional cross-platform verification"],"fullName":" Block functional cross-platform verification Block [arduino_i2c_write] should generate code across platforms","status":"pending","title":"Block [arduino_i2c_write] should generate code across platforms","failureMessages":[]},{"ancestorTitles":["","Block functional cross-platform verification"],"fullName":" Block functional cross-platform verification Block [arduino_i2c_read] should generate code across platforms","status":"pending","title":"Block [arduino_i2c_read] should generate code across platforms","failureMessages":[]},{"ancestorTitles":["","Block functional cross-platform verification"],"fullName":" Block functional cross-platform verification Block [arduino_i2c_scan] should generate code across platforms","status":"pending","title":"Block [arduino_i2c_scan] should generate code across platforms","failureMessages":[]},{"ancestorTitles":["","Block functional cross-platform verification"],"fullName":" Block functional cross-platform verification Block [arduino_spi_init] should generate code across platforms","status":"pending","title":"Block [arduino_spi_init] should generate code across platforms","failureMessages":[]},{"ancestorTitles":["","Block functional cross-platform verification"],"fullName":" Block functional cross-platform verification Block [arduino_spi_transfer] should generate code across platforms","status":"pending","title":"Block [arduino_spi_transfer] should generate code across platforms","failureMessages":[]},{"ancestorTitles":["","Block functional cross-platform verification"],"fullName":" Block functional cross-platform verification Block [arduino_spi_write] should generate code across platforms","status":"pending","title":"Block [arduino_spi_write] should generate code across platforms","failureMessages":[]},{"ancestorTitles":["","Block functional cross-platform verification"],"fullName":" Block functional cross-platform verification Block [arduino_spi_config] should generate code across platforms","status":"pending","title":"Block [arduino_spi_config] should generate code across platforms","failureMessages":[]},{"ancestorTitles":["","Block functional cross-platform verification"],"fullName":" Block functional cross-platform verification Block [stm32_can_init] should generate code across platforms","status":"pending","title":"Block [stm32_can_init] should generate code across platforms","failureMessages":[]},{"ancestorTitles":["","Block functional cross-platform verification"],"fullName":" Block functional cross-platform verification Block [stm32_can_send] should generate code across platforms","status":"pending","title":"Block [stm32_can_send] should generate code across platforms","failureMessages":[]},{"ancestorTitles":["","Block functional cross-platform verification"],"fullName":" Block functional cross-platform verification Block [stm32_can_available] should generate code across platforms","status":"pending","title":"Block [stm32_can_available] should generate code across platforms","failureMessages":[]},{"ancestorTitles":["","Block functional cross-platform verification"],"fullName":" Block functional cross-platform verification Block [stm32_can_read] should generate code across platforms","status":"pending","title":"Block [stm32_can_read] should generate code across platforms","failureMessages":[]},{"ancestorTitles":["","Block functional cross-platform verification"],"fullName":" Block functional cross-platform verification Block [stm32_usb_kb_init] should generate code across platforms","status":"pending","title":"Block [stm32_usb_kb_init] should generate code across platforms","failureMessages":[]},{"ancestorTitles":["","Block functional cross-platform verification"],"fullName":" Block functional cross-platform verification Block [stm32_usb_kb_print] should generate code across platforms","status":"pending","title":"Block [stm32_usb_kb_print] should generate code across platforms","failureMessages":[]},{"ancestorTitles":["","Block functional cross-platform verification"],"fullName":" Block functional cross-platform verification Block [stm32_usb_mouse_init] should generate code across platforms","status":"pending","title":"Block [stm32_usb_mouse_init] should generate code across platforms","failureMessages":[]},{"ancestorTitles":["","Block functional cross-platform verification"],"fullName":" Block functional cross-platform verification Block [stm32_usb_mouse_move] should generate code across platforms","status":"pending","title":"Block [stm32_usb_mouse_move] should generate code across platforms","failureMessages":[]},{"ancestorTitles":["","Block functional cross-platform verification"],"fullName":" Block functional cross-platform verification Block [stm32_ethernet_init] should generate code across platforms","status":"pending","title":"Block [stm32_ethernet_init] should generate code across platforms","failureMessages":[]},{"ancestorTitles":["","Block functional cross-platform verification"],"fullName":" Block functional cross-platform verification Block [stm32_ethernet_ip] should generate code across platforms","status":"pending","title":"Block [stm32_ethernet_ip] should generate code across platforms","failureMessages":[]},{"ancestorTitles":["","Block functional cross-platform verification"],"fullName":" Block functional cross-platform verification Block [sensor_ultrasonic] should generate code across platforms","status":"pending","title":"Block [sensor_ultrasonic] should generate code across platforms","failureMessages":[]},{"ancestorTitles":["","Block functional cross-platform verification"],"fullName":" Block functional cross-platform verification Block [sensor_dht] should generate code across platforms","status":"pending","title":"Block [sensor_dht] should generate code across platforms","failureMessages":[]},{"ancestorTitles":["","Block functional cross-platform verification"],"fullName":" Block functional cross-platform verification Block [sensor_pir_motion] should generate code across platforms","status":"pending","title":"Block [sensor_pir_motion] should generate code across platforms","failureMessages":[]},{"ancestorTitles":["","Block functional cross-platform verification"],"fullName":" Block functional cross-platform verification Block [sensor_adxl362_init] should generate code across platforms","status":"pending","title":"Block [sensor_adxl362_init] should generate code across platforms","failureMessages":[]},{"ancestorTitles":["","Block functional cross-platform verification"],"fullName":" Block functional cross-platform verification Block [sensor_adxl362_read] should generate code across platforms","status":"pending","title":"Block [sensor_adxl362_read] should generate code across platforms","failureMessages":[]},{"ancestorTitles":["","Block functional cross-platform verification"],"fullName":" Block functional cross-platform verification Block [sensor_apds9960_init] should generate code across platforms","status":"pending","title":"Block [sensor_apds9960_init] should generate code across platforms","failureMessages":[]},{"ancestorTitles":["","Block functional cross-platform verification"],"fullName":" Block functional cross-platform verification Block [sensor_apds9960_gesture] should generate code across platforms","status":"pending","title":"Block [sensor_apds9960_gesture] should generate code across platforms","failureMessages":[]},{"ancestorTitles":["","Block functional cross-platform verification"],"fullName":" Block functional cross-platform verification Block [sensor_apds9960_read_gesture] should generate code across platforms","status":"pending","title":"Block [sensor_apds9960_read_gesture] should generate code across platforms","failureMessages":[]},{"ancestorTitles":["","Block functional cross-platform verification"],"fullName":" Block functional cross-platform verification Block [sensor_apds9960_color] should generate code across platforms","status":"pending","title":"Block [sensor_apds9960_color] should generate code across platforms","failureMessages":[]},{"ancestorTitles":["","Block functional cross-platform verification"],"fullName":" Block functional cross-platform verification Block [sensor_hx711_init] should generate code across platforms","status":"pending","title":"Block [sensor_hx711_init] should generate code across platforms","failureMessages":[]},{"ancestorTitles":["","Block functional cross-platform verification"],"fullName":" Block functional cross-platform verification Block [sensor_hx711_read] should generate code across platforms","status":"pending","title":"Block [sensor_hx711_read] should generate code across platforms","failureMessages":[]},{"ancestorTitles":["","Block functional cross-platform verification"],"fullName":" Block functional cross-platform verification Block [sensor_hx711_tare] should generate code across platforms","status":"pending","title":"Block [sensor_hx711_tare] should generate code across platforms","failureMessages":[]},{"ancestorTitles":["","Block functional cross-platform verification"],"fullName":" Block functional cross-platform verification Block [sensor_bmp280_init] should generate code across platforms","status":"pending","title":"Block [sensor_bmp280_init] should generate code across platforms","failureMessages":[]},{"ancestorTitles":["","Block functional cross-platform verification"],"fullName":" Block functional cross-platform verification Block [sensor_bmp280_read] should generate code across platforms","status":"pending","title":"Block [sensor_bmp280_read] should generate code across platforms","failureMessages":[]},{"ancestorTitles":["","Block functional cross-platform verification"],"fullName":" Block functional cross-platform verification Block [sensor_vl53l0x_init] should generate code across platforms","status":"pending","title":"Block [sensor_vl53l0x_init] should generate code across platforms","failureMessages":[]},{"ancestorTitles":["","Block functional cross-platform verification"],"fullName":" Block functional cross-platform verification Block [sensor_vl53l0x_read] should generate code across platforms","status":"pending","title":"Block [sensor_vl53l0x_read] should generate code across platforms","failureMessages":[]},{"ancestorTitles":["","Block functional cross-platform verification"],"fullName":" Block functional cross-platform verification Block [sensor_mpu6050_init] should generate code across platforms","status":"pending","title":"Block [sensor_mpu6050_init] should generate code across platforms","failureMessages":[]},{"ancestorTitles":["","Block functional cross-platform verification"],"fullName":" Block functional cross-platform verification Block [sensor_mpu6050_read] should generate code across platforms","status":"pending","title":"Block [sensor_mpu6050_read] should generate code across platforms","failureMessages":[]},{"ancestorTitles":["","Block functional cross-platform verification"],"fullName":" Block functional cross-platform verification Block [sensor_gps_init] should generate code across platforms","status":"pending","title":"Block [sensor_gps_init] should generate code across platforms","failureMessages":[]},{"ancestorTitles":["","Block functional cross-platform verification"],"fullName":" Block functional cross-platform verification Block [sensor_gps_read] should generate code across platforms","status":"pending","title":"Block [sensor_gps_read] should generate code across platforms","failureMessages":[]},{"ancestorTitles":["","Block functional cross-platform verification"],"fullName":" Block functional cross-platform verification Block [display_lcd_init] should generate code across platforms","status":"pending","title":"Block [display_lcd_init] should generate code across platforms","failureMessages":[]},{"ancestorTitles":["","Block functional cross-platform verification"],"fullName":" Block functional cross-platform verification Block [display_lcd_print] should generate code across platforms","status":"pending","title":"Block [display_lcd_print] should generate code across platforms","failureMessages":[]},{"ancestorTitles":["","Block functional cross-platform verification"],"fullName":" Block functional cross-platform verification Block [display_lcd_clear] should generate code across platforms","status":"pending","title":"Block [display_lcd_clear] should generate code across platforms","failureMessages":[]},{"ancestorTitles":["","Block functional cross-platform verification"],"fullName":" Block functional cross-platform verification Block [display_neopixel_init] should generate code across platforms","status":"pending","title":"Block [display_neopixel_init] should generate code across platforms","failureMessages":[]},{"ancestorTitles":["","Block functional cross-platform verification"],"fullName":" Block functional cross-platform verification Block [display_neopixel_set] should generate code across platforms","status":"pending","title":"Block [display_neopixel_set] should generate code across platforms","failureMessages":[]},{"ancestorTitles":["","Block functional cross-platform verification"],"fullName":" Block functional cross-platform verification Block [display_neopixel_fill] should generate code across platforms","status":"pending","title":"Block [display_neopixel_fill] should generate code across platforms","failureMessages":[]},{"ancestorTitles":["","Block functional cross-platform verification"],"fullName":" Block functional cross-platform verification Block [display_neopixel_clear] should generate code across platforms","status":"pending","title":"Block [display_neopixel_clear] should generate code across platforms","failureMessages":[]},{"ancestorTitles":["","Block functional cross-platform verification"],"fullName":" Block functional cross-platform verification Block [display_neopixel_rainbow] should generate code across platforms","status":"pending","title":"Block [display_neopixel_rainbow] should generate code across platforms","failureMessages":[]},{"ancestorTitles":["","Block functional cross-platform verification"],"fullName":" Block functional cross-platform verification Block [display_lcd_backlight] should generate code across platforms","status":"pending","title":"Block [display_lcd_backlight] should generate code across platforms","failureMessages":[]},{"ancestorTitles":["","Block functional cross-platform verification"],"fullName":" Block functional cross-platform verification Block [nextion_init] should generate code across platforms","status":"pending","title":"Block [nextion_init] should generate code across platforms","failureMessages":[]},{"ancestorTitles":["","Block functional cross-platform verification"],"fullName":" Block functional cross-platform verification Block [nextion_set_text] should generate code across platforms","status":"pending","title":"Block [nextion_set_text] should generate code across platforms","failureMessages":[]},{"ancestorTitles":["","Block functional cross-platform verification"],"fullName":" Block functional cross-platform verification Block [nextion_set_val] should generate code across platforms","status":"pending","title":"Block [nextion_set_val] should generate code across platforms","failureMessages":[]},{"ancestorTitles":["","Block functional cross-platform verification"],"fullName":" Block functional cross-platform verification Block [nextion_page] should generate code across platforms","status":"pending","title":"Block [nextion_page] should generate code across platforms","failureMessages":[]},{"ancestorTitles":["","Block functional cross-platform verification"],"fullName":" Block functional cross-platform verification Block [pcf8574_init] should generate code across platforms","status":"pending","title":"Block [pcf8574_init] should generate code across platforms","failureMessages":[]},{"ancestorTitles":["","Block functional cross-platform verification"],"fullName":" Block functional cross-platform verification Block [pcf8574_pin_mode] should generate code across platforms","status":"pending","title":"Block [pcf8574_pin_mode] should generate code across platforms","failureMessages":[]},{"ancestorTitles":["","Block functional cross-platform verification"],"fullName":" Block functional cross-platform verification Block [pcf8574_write] should generate code across platforms","status":"pending","title":"Block [pcf8574_write] should generate code across platforms","failureMessages":[]},{"ancestorTitles":["","Block functional cross-platform verification"],"fullName":" Block functional cross-platform verification Block [pcf8574_read] should generate code across platforms","status":"pending","title":"Block [pcf8574_read] should generate code across platforms","failureMessages":[]},{"ancestorTitles":["","Block functional cross-platform verification"],"fullName":" Block functional cross-platform verification Block [shift_out_74hc595] should generate code across platforms","status":"pending","title":"Block [shift_out_74hc595] should generate code across platforms","failureMessages":[]},{"ancestorTitles":["","Block functional cross-platform verification"],"fullName":" Block functional cross-platform verification Block [shift_in_74hc165] should generate code across platforms","status":"pending","title":"Block [shift_in_74hc165] should generate code across platforms","failureMessages":[]},{"ancestorTitles":["","Block functional cross-platform verification"],"fullName":" Block functional cross-platform verification Block [neopixel_init] should generate code across platforms","status":"pending","title":"Block [neopixel_init] should generate code across platforms","failureMessages":[]},{"ancestorTitles":["","Block functional cross-platform verification"],"fullName":" Block functional cross-platform verification Block [neopixel_set_color] should generate code across platforms","status":"pending","title":"Block [neopixel_set_color] should generate code across platforms","failureMessages":[]},{"ancestorTitles":["","Block functional cross-platform verification"],"fullName":" Block functional cross-platform verification Block [neopixel_show] should generate code across platforms","status":"pending","title":"Block [neopixel_show] should generate code across platforms","failureMessages":[]},{"ancestorTitles":["","Block functional cross-platform verification"],"fullName":" Block functional cross-platform verification Block [neopixel_clear] should generate code across platforms","status":"pending","title":"Block [neopixel_clear] should generate code across platforms","failureMessages":[]},{"ancestorTitles":["","Block functional cross-platform verification"],"fullName":" Block functional cross-platform verification Block [neopixel_brightness] should generate code across platforms","status":"pending","title":"Block [neopixel_brightness] should generate code across platforms","failureMessages":[]},{"ancestorTitles":["","Block functional cross-platform verification"],"fullName":" Block functional cross-platform verification Block [display_matrix_init] should generate code across platforms","status":"pending","title":"Block [display_matrix_init] should generate code across platforms","failureMessages":[]},{"ancestorTitles":["","Block functional cross-platform verification"],"fullName":" Block functional cross-platform verification Block [display_matrix_set_led] should generate code across platforms","status":"pending","title":"Block [display_matrix_set_led] should generate code across platforms","failureMessages":[]},{"ancestorTitles":["","Block functional cross-platform verification"],"fullName":" Block functional cross-platform verification Block [display_matrix_clear] should generate code across platforms","status":"pending","title":"Block [display_matrix_clear] should generate code across platforms","failureMessages":[]},{"ancestorTitles":["","Block functional cross-platform verification"],"fullName":" Block functional cross-platform verification Block [display_matrix_brightness] should generate code across platforms","status":"pending","title":"Block [display_matrix_brightness] should generate code across platforms","failureMessages":[]},{"ancestorTitles":["","Block functional cross-platform verification"],"fullName":" Block functional cross-platform verification Block [display_matrix_write_char] should generate code across platforms","status":"pending","title":"Block [display_matrix_write_char] should generate code across platforms","failureMessages":[]},{"ancestorTitles":["","Block functional cross-platform verification"],"fullName":" Block functional cross-platform verification Block [display_matrix_row] should generate code across platforms","status":"pending","title":"Block [display_matrix_row] should generate code across platforms","failureMessages":[]},{"ancestorTitles":["","Block functional cross-platform verification"],"fullName":" Block functional cross-platform verification Block [display_matrix_col] should generate code across platforms","status":"pending","title":"Block [display_matrix_col] should generate code across platforms","failureMessages":[]},{"ancestorTitles":["","Block functional cross-platform verification"],"fullName":" Block functional cross-platform verification Block [oled_init] should generate code across platforms","status":"pending","title":"Block [oled_init] should generate code across platforms","failureMessages":[]},{"ancestorTitles":["","Block functional cross-platform verification"],"fullName":" Block functional cross-platform verification Block [oled_print] should generate code across platforms","status":"pending","title":"Block [oled_print] should generate code across platforms","failureMessages":[]},{"ancestorTitles":["","Block functional cross-platform verification"],"fullName":" Block functional cross-platform verification Block [oled_clear] should generate code across platforms","status":"pending","title":"Block [oled_clear] should generate code across platforms","failureMessages":[]},{"ancestorTitles":["","Block functional cross-platform verification"],"fullName":" Block functional cross-platform verification Block [oled_draw_line] should generate code across platforms","status":"pending","title":"Block [oled_draw_line] should generate code across platforms","failureMessages":[]},{"ancestorTitles":["","Block functional cross-platform verification"],"fullName":" Block functional cross-platform verification Block [oled_draw_rect] should generate code across platforms","status":"pending","title":"Block [oled_draw_rect] should generate code across platforms","failureMessages":[]},{"ancestorTitles":["","Block functional cross-platform verification"],"fullName":" Block functional cross-platform verification Block [oled_draw_circle] should generate code across platforms","status":"pending","title":"Block [oled_draw_circle] should generate code across platforms","failureMessages":[]},{"ancestorTitles":["","Block functional cross-platform verification"],"fullName":" Block functional cross-platform verification Block [oled_display] should generate code across platforms","status":"pending","title":"Block [oled_display] should generate code across platforms","failureMessages":[]},{"ancestorTitles":["","Block functional cross-platform verification"],"fullName":" Block functional cross-platform verification Block [board_info_string] should generate code across platforms","status":"pending","title":"Block [board_info_string] should generate code across platforms","failureMessages":[]},{"ancestorTitles":["","Block functional cross-platform verification"],"fullName":" Block functional cross-platform verification Block [board_info_number] should generate code across platforms","status":"pending","title":"Block [board_info_number] should generate code across platforms","failureMessages":[]},{"ancestorTitles":["","Block functional cross-platform verification"],"fullName":" Block functional cross-platform verification Block [motor_dc_run] should generate code across platforms","status":"pending","title":"Block [motor_dc_run] should generate code across platforms","failureMessages":[]},{"ancestorTitles":["","Block functional cross-platform verification"],"fullName":" Block functional cross-platform verification Block [motor_stepper_config] should generate code across platforms","status":"pending","title":"Block [motor_stepper_config] should generate code across platforms","failureMessages":[]},{"ancestorTitles":["","Block functional cross-platform verification"],"fullName":" Block functional cross-platform verification Block [motor_stepper_step] should generate code across platforms","status":"pending","title":"Block [motor_stepper_step] should generate code across platforms","failureMessages":[]},{"ancestorTitles":["","Block functional cross-platform verification"],"fullName":" Block functional cross-platform verification Block [motor_stepper_driver_init] should generate code across platforms","status":"pending","title":"Block [motor_stepper_driver_init] should generate code across platforms","failureMessages":[]},{"ancestorTitles":["","Block functional cross-platform verification"],"fullName":" Block functional cross-platform verification Block [motor_stepper_driver_step] should generate code across platforms","status":"pending","title":"Block [motor_stepper_driver_step] should generate code across platforms","failureMessages":[]},{"ancestorTitles":["","Block functional cross-platform verification"],"fullName":" Block functional cross-platform verification Block [motor_stepper_enable] should generate code across platforms","status":"pending","title":"Block [motor_stepper_enable] should generate code across platforms","failureMessages":[]},{"ancestorTitles":["","Block functional cross-platform verification"],"fullName":" Block functional cross-platform verification Block [motor_stepper_move_relative] should generate code across platforms","status":"pending","title":"Block [motor_stepper_move_relative] should generate code across platforms","failureMessages":[]},{"ancestorTitles":["","Block functional cross-platform verification"],"fullName":" Block functional cross-platform verification Block [stepper_accel_init] should generate code across platforms","status":"pending","title":"Block [stepper_accel_init] should generate code across platforms","failureMessages":[]},{"ancestorTitles":["","Block functional cross-platform verification"],"fullName":" Block functional cross-platform verification Block [stepper_accel_setup] should generate code across platforms","status":"pending","title":"Block [stepper_accel_setup] should generate code across platforms","failureMessages":[]},{"ancestorTitles":["","Block functional cross-platform verification"],"fullName":" Block functional cross-platform verification Block [stepper_accel_run] should generate code across platforms","status":"pending","title":"Block [stepper_accel_run] should generate code across platforms","failureMessages":[]},{"ancestorTitles":["","Block functional cross-platform verification"],"fullName":" Block functional cross-platform verification Block [stepper_accel_move] should generate code across platforms","status":"pending","title":"Block [stepper_accel_move] should generate code across platforms","failureMessages":[]},{"ancestorTitles":["","Block functional cross-platform verification"],"fullName":" Block functional cross-platform verification Block [sharp_ir_init] should generate code across platforms","status":"pending","title":"Block [sharp_ir_init] should generate code across platforms","failureMessages":[]},{"ancestorTitles":["","Block functional cross-platform verification"],"fullName":" Block functional cross-platform verification Block [sharp_ir_read] should generate code across platforms","status":"pending","title":"Block [sharp_ir_read] should generate code across platforms","failureMessages":[]},{"ancestorTitles":["","Block functional cross-platform verification"],"fullName":" Block functional cross-platform verification Block [ds18b20_init] should generate code across platforms","status":"pending","title":"Block [ds18b20_init] should generate code across platforms","failureMessages":[]},{"ancestorTitles":["","Block functional cross-platform verification"],"fullName":" Block functional cross-platform verification Block [ds18b20_request] should generate code across platforms","status":"pending","title":"Block [ds18b20_request] should generate code across platforms","failureMessages":[]},{"ancestorTitles":["","Block functional cross-platform verification"],"fullName":" Block functional cross-platform verification Block [ds18b20_read] should generate code across platforms","status":"pending","title":"Block [ds18b20_read] should generate code across platforms","failureMessages":[]},{"ancestorTitles":["","Block functional cross-platform verification"],"fullName":" Block functional cross-platform verification Block [ds18b20_set_resolution] should generate code across platforms","status":"pending","title":"Block [ds18b20_set_resolution] should generate code across platforms","failureMessages":[]},{"ancestorTitles":["","Block functional cross-platform verification"],"fullName":" Block functional cross-platform verification Block [ds18b20_get_device_count] should generate code across platforms","status":"pending","title":"Block [ds18b20_get_device_count] should generate code across platforms","failureMessages":[]},{"ancestorTitles":["","Block functional cross-platform verification"],"fullName":" Block functional cross-platform verification Block [actuator_relay] should generate code across platforms","status":"pending","title":"Block [actuator_relay] should generate code across platforms","failureMessages":[]},{"ancestorTitles":["","Block functional cross-platform verification"],"fullName":" Block functional cross-platform verification Block [actuator_solenoid] should generate code across platforms","status":"pending","title":"Block [actuator_solenoid] should generate code across platforms","failureMessages":[]},{"ancestorTitles":["","Block functional cross-platform verification"],"fullName":" Block functional cross-platform verification Block [actuator_buzzer] should generate code across platforms","status":"pending","title":"Block [actuator_buzzer] should generate code across platforms","failureMessages":[]},{"ancestorTitles":["","Block functional cross-platform verification"],"fullName":" Block functional cross-platform verification Block [actuator_buzzer_notone] should generate code across platforms","status":"pending","title":"Block [actuator_buzzer_notone] should generate code across platforms","failureMessages":[]},{"ancestorTitles":["","Block functional cross-platform verification"],"fullName":" Block functional cross-platform verification Block [actuator_vibration] should generate code across platforms","status":"pending","title":"Block [actuator_vibration] should generate code across platforms","failureMessages":[]},{"ancestorTitles":["","Block functional cross-platform verification"],"fullName":" Block functional cross-platform verification Block [pca9685_init] should generate code across platforms","status":"pending","title":"Block [pca9685_init] should generate code across platforms","failureMessages":[]},{"ancestorTitles":["","Block functional cross-platform verification"],"fullName":" Block functional cross-platform verification Block [pca9685_set_servo] should generate code across platforms","status":"pending","title":"Block [pca9685_set_servo] should generate code across platforms","failureMessages":[]},{"ancestorTitles":["","Block functional cross-platform verification"],"fullName":" Block functional cross-platform verification Block [pca9685_set_pwm] should generate code across platforms","status":"pending","title":"Block [pca9685_set_pwm] should generate code across platforms","failureMessages":[]},{"ancestorTitles":["","Block functional cross-platform verification"],"fullName":" Block functional cross-platform verification Block [audio_read_volume] should generate code across platforms","status":"pending","title":"Block [audio_read_volume] should generate code across platforms","failureMessages":[]},{"ancestorTitles":["","Block functional cross-platform verification"],"fullName":" Block functional cross-platform verification Block [audio_is_loud] should generate code across platforms","status":"pending","title":"Block [audio_is_loud] should generate code across platforms","failureMessages":[]},{"ancestorTitles":["","Block functional cross-platform verification"],"fullName":" Block functional cross-platform verification Block [speech_init] should generate code across platforms","status":"pending","title":"Block [speech_init] should generate code across platforms","failureMessages":[]},{"ancestorTitles":["","Block functional cross-platform verification"],"fullName":" Block functional cross-platform verification Block [speech_say] should generate code across platforms","status":"pending","title":"Block [speech_say] should generate code across platforms","failureMessages":[]},{"ancestorTitles":["","Block functional cross-platform verification"],"fullName":" Block functional cross-platform verification Block [audio_tone] should generate code across platforms","status":"pending","title":"Block [audio_tone] should generate code across platforms","failureMessages":[]},{"ancestorTitles":["","Block functional cross-platform verification"],"fullName":" Block functional cross-platform verification Block [audio_notone] should generate code across platforms","status":"pending","title":"Block [audio_notone] should generate code across platforms","failureMessages":[]},{"ancestorTitles":["","Block functional cross-platform verification"],"fullName":" Block functional cross-platform verification Block [audio_note_freq] should generate code across platforms","status":"pending","title":"Block [audio_note_freq] should generate code across platforms","failureMessages":[]},{"ancestorTitles":["","Block functional cross-platform verification"],"fullName":" Block functional cross-platform verification Block [mp3_init] should generate code across platforms","status":"pending","title":"Block [mp3_init] should generate code across platforms","failureMessages":[]},{"ancestorTitles":["","Block functional cross-platform verification"],"fullName":" Block functional cross-platform verification Block [mp3_play] should generate code across platforms","status":"pending","title":"Block [mp3_play] should generate code across platforms","failureMessages":[]},{"ancestorTitles":["","Block functional cross-platform verification"],"fullName":" Block functional cross-platform verification Block [mp3_control] should generate code across platforms","status":"pending","title":"Block [mp3_control] should generate code across platforms","failureMessages":[]},{"ancestorTitles":["","Block functional cross-platform verification"],"fullName":" Block functional cross-platform verification Block [mp3_volume] should generate code across platforms","status":"pending","title":"Block [mp3_volume] should generate code across platforms","failureMessages":[]},{"ancestorTitles":["","Block functional cross-platform verification"],"fullName":" Block functional cross-platform verification Block [storage_sd_init] should generate code across platforms","status":"pending","title":"Block [storage_sd_init] should generate code across platforms","failureMessages":[]},{"ancestorTitles":["","Block functional cross-platform verification"],"fullName":" Block functional cross-platform verification Block [storage_sd_write] should generate code across platforms","status":"pending","title":"Block [storage_sd_write] should generate code across platforms","failureMessages":[]},{"ancestorTitles":["","Block functional cross-platform verification"],"fullName":" Block functional cross-platform verification Block [storage_sd_read] should generate code across platforms","status":"pending","title":"Block [storage_sd_read] should generate code across platforms","failureMessages":[]},{"ancestorTitles":["","Block functional cross-platform verification"],"fullName":" Block functional cross-platform verification Block [storage_sd_exists] should generate code across platforms","status":"pending","title":"Block [storage_sd_exists] should generate code across platforms","failureMessages":[]},{"ancestorTitles":["","Block functional cross-platform verification"],"fullName":" Block functional cross-platform verification Block [storage_eeprom_write] should generate code across platforms","status":"pending","title":"Block [storage_eeprom_write] should generate code across platforms","failureMessages":[]},{"ancestorTitles":["","Block functional cross-platform verification"],"fullName":" Block functional cross-platform verification Block [storage_eeprom_read] should generate code across platforms","status":"pending","title":"Block [storage_eeprom_read] should generate code across platforms","failureMessages":[]},{"ancestorTitles":["","Block functional cross-platform verification"],"fullName":" Block functional cross-platform verification Block [storage_eeprom_commit] should generate code across platforms","status":"pending","title":"Block [storage_eeprom_commit] should generate code across platforms","failureMessages":[]},{"ancestorTitles":["","Block functional cross-platform verification"],"fullName":" Block functional cross-platform verification Block [storage_spiffs_begin] should generate code across platforms","status":"pending","title":"Block [storage_spiffs_begin] should generate code across platforms","failureMessages":[]},{"ancestorTitles":["","Block functional cross-platform verification"],"fullName":" Block functional cross-platform verification Block [storage_spiffs_write] should generate code across platforms","status":"pending","title":"Block [storage_spiffs_write] should generate code across platforms","failureMessages":[]},{"ancestorTitles":["","Block functional cross-platform verification"],"fullName":" Block functional cross-platform verification Block [nvs_begin] should generate code across platforms","status":"pending","title":"Block [nvs_begin] should generate code across platforms","failureMessages":[]},{"ancestorTitles":["","Block functional cross-platform verification"],"fullName":" Block functional cross-platform verification Block [nvs_put_int] should generate code across platforms","status":"pending","title":"Block [nvs_put_int] should generate code across platforms","failureMessages":[]},{"ancestorTitles":["","Block functional cross-platform verification"],"fullName":" Block functional cross-platform verification Block [nvs_get_int] should generate code across platforms","status":"pending","title":"Block [nvs_get_int] should generate code across platforms","failureMessages":[]},{"ancestorTitles":["","Block functional cross-platform verification"],"fullName":" Block functional cross-platform verification Block [nvs_put_string] should generate code across platforms","status":"pending","title":"Block [nvs_put_string] should generate code across platforms","failureMessages":[]},{"ancestorTitles":["","Block functional cross-platform verification"],"fullName":" Block functional cross-platform verification Block [nvs_get_string] should generate code across platforms","status":"pending","title":"Block [nvs_get_string] should generate code across platforms","failureMessages":[]},{"ancestorTitles":["","Block functional cross-platform verification"],"fullName":" Block functional cross-platform verification Block [ota_setup] should generate code across platforms","status":"pending","title":"Block [ota_setup] should generate code across platforms","failureMessages":[]},{"ancestorTitles":["","Block functional cross-platform verification"],"fullName":" Block functional cross-platform verification Block [ota_handle] should generate code across platforms","status":"pending","title":"Block [ota_handle] should generate code across platforms","failureMessages":[]},{"ancestorTitles":["","Block functional cross-platform verification"],"fullName":" Block functional cross-platform verification Block [dac_write] should generate code across platforms","status":"pending","title":"Block [dac_write] should generate code across platforms","failureMessages":[]},{"ancestorTitles":["","Block functional cross-platform verification"],"fullName":" Block functional cross-platform verification Block [rtc_init] should generate code across platforms","status":"pending","title":"Block [rtc_init] should generate code across platforms","failureMessages":[]},{"ancestorTitles":["","Block functional cross-platform verification"],"fullName":" Block functional cross-platform verification Block [rtc_set_time] should generate code across platforms","status":"pending","title":"Block [rtc_set_time] should generate code across platforms","failureMessages":[]},{"ancestorTitles":["","Block functional cross-platform verification"],"fullName":" Block functional cross-platform verification Block [rtc_get_elem
[...]
ing","title":"Block [mqtt_loop] should generate code across platforms","failureMessages":[]},{"ancestorTitles":["","Block functional cross-platform verification"],"fullName":" Block functional cross-platform verification Block [mqtt_callback_define] should generate code across platforms","status":"pending","title":"Block [mqtt_callback_define] should generate code across platforms","failureMessages":[]},{"ancestorTitles":["","Block functional cross-platform verification"],"fullName":" Block functional cross-platform verification Block [mqtt_get_topic] should generate code across platforms","status":"pending","title":"Block [mqtt_get_topic] should generate code across platforms","failureMessages":[]},{"ancestorTitles":["","Block functional cross-platform verification"],"fullName":" Block functional cross-platform verification Block [mqtt_get_message] should generate code across platforms","status":"pending","title":"Block [mqtt_get_message] should generate code across platforms","failureMessages":[]},{"ancestorTitles":["","Block functional cross-platform verification"],"fullName":" Block functional cross-platform verification Block [bt_serial_init] should generate code across platforms","status":"pending","title":"Block [bt_serial_init] should generate code across platforms","failureMessages":[]},{"ancestorTitles":["","Block functional cross-platform verification"],"fullName":" Block functional cross-platform verification Block [bt_serial_available] should generate code across platforms","status":"pending","title":"Block [bt_serial_available] should generate code across platforms","failureMessages":[]},{"ancestorTitles":["","Block functional cross-platform verification"],"fullName":" Block functional cross-platform verification Block [bt_serial_read] should generate code across platforms","status":"pending","title":"Block [bt_serial_read] should generate code across platforms","failureMessages":[]},{"ancestorTitles":["","Block functional cross-platform verification"],"fullName":" Block functional cross-platform verification Block [bt_serial_print] should generate code across platforms","status":"pending","title":"Block [bt_serial_print] should generate code across platforms","failureMessages":[]},{"ancestorTitles":["","Block functional cross-platform verification"],"fullName":" Block functional cross-platform verification Block [ir_recv_setup] should generate code across platforms","status":"pending","title":"Block [ir_recv_setup] should generate code across platforms","failureMessages":[]},{"ancestorTitles":["","Block functional cross-platform verification"],"fullName":" Block functional cross-platform verification Block [ir_recv_available] should generate code across platforms","status":"pending","title":"Block [ir_recv_available] should generate code across platforms","failureMessages":[]},{"ancestorTitles":["","Block functional cross-platform verification"],"fullName":" Block functional cross-platform verification Block [ir_recv_resume] should generate code across platforms","status":"pending","title":"Block [ir_recv_resume] should generate code across platforms","failureMessages":[]},{"ancestorTitles":["","Block functional cross-platform verification"],"fullName":" Block functional cross-platform verification Block [ir_recv_get_hex] should generate code across platforms","status":"pending","title":"Block [ir_recv_get_hex] should generate code across platforms","failureMessages":[]},{"ancestorTitles":["","Block functional cross-platform verification"],"fullName":" Block functional cross-platform verification Block [ir_send_nec] should generate code across platforms","status":"pending","title":"Block [ir_send_nec] should generate code across platforms","failureMessages":[]},{"ancestorTitles":["","Block functional cross-platform verification"],"fullName":" Block functional cross-platform verification Block [web_server_init] should generate code across platforms","status":"pending","title":"Block [web_server_init] should generate code across platforms","failureMessages":[]},{"ancestorTitles":["","Block functional cross-platform verification"],"fullName":" Block functional cross-platform verification Block [web_server_on] should generate code across platforms","status":"pending","title":"Block [web_server_on] should generate code across platforms","failureMessages":[]},{"ancestorTitles":["","Block functional cross-platform verification"],"fullName":" Block functional cross-platform verification Block [web_server_send] should generate code across platforms","status":"pending","title":"Block [web_server_send] should generate code across platforms","failureMessages":[]},{"ancestorTitles":["","Block functional cross-platform verification"],"fullName":" Block functional cross-platform verification Block [web_server_start] should generate code across platforms","status":"pending","title":"Block [web_server_start] should generate code across platforms","failureMessages":[]},{"ancestorTitles":["","Block functional cross-platform verification"],"fullName":" Block functional cross-platform verification Block [web_server_handle_client] should generate code across platforms","status":"pending","title":"Block [web_server_handle_client] should generate code across platforms","failureMessages":[]},{"ancestorTitles":["","Block functional cross-platform verification"],"fullName":" Block functional cross-platform verification Block [ble_keyboard_init] should generate code across platforms","status":"pending","title":"Block [ble_keyboard_init] should generate code across platforms","failureMessages":[]},{"ancestorTitles":["","Block functional cross-platform verification"],"fullName":" Block functional cross-platform verification Block [ble_keyboard_print] should generate code across platforms","status":"pending","title":"Block [ble_keyboard_print] should generate code across platforms","failureMessages":[]},{"ancestorTitles":["","Block functional cross-platform verification"],"fullName":" Block functional cross-platform verification Block [ble_keyboard_press] should generate code across platforms","status":"pending","title":"Block [ble_keyboard_press] should generate code across platforms","failureMessages":[]},{"ancestorTitles":["","Block functional cross-platform verification"],"fullName":" Block functional cross-platform verification Block [ble_mouse_init] should generate code across platforms","status":"pending","title":"Block [ble_mouse_init] should generate code across platforms","failureMessages":[]},{"ancestorTitles":["","Block functional cross-platform verification"],"fullName":" Block functional cross-platform verification Block [ble_mouse_move] should generate code across platforms","status":"pending","title":"Block [ble_mouse_move] should generate code across platforms","failureMessages":[]},{"ancestorTitles":["","Block functional cross-platform verification"],"fullName":" Block functional cross-platform verification Block [ble_mouse_click] should generate code across platforms","status":"pending","title":"Block [ble_mouse_click] should generate code across platforms","failureMessages":[]},{"ancestorTitles":["","Block functional cross-platform verification"],"fullName":" Block functional cross-platform verification Block [esp_now_init] should generate code across platforms","status":"pending","title":"Block [esp_now_init] should generate code across platforms","failureMessages":[]},{"ancestorTitles":["","Block functional cross-platform verification"],"fullName":" Block functional cross-platform verification Block [esp_now_add_peer] should generate code across platforms","status":"pending","title":"Block [esp_now_add_peer] should generate code across platforms","failureMessages":[]},{"ancestorTitles":["","Block functional cross-platform verification"],"fullName":" Block functional cross-platform verification Block [esp_now_send] should generate code across platforms","status":"pending","title":"Block [esp_now_send] should generate code across platforms","failureMessages":[]},{"ancestorTitles":["","Block functional cross-platform verification"],"fullName":" Block functional cross-platform verification Block [esp_now_on_recv] should generate code across platforms","status":"pending","title":"Block [esp_now_on_recv] should generate code across platforms","failureMessages":[]},{"ancestorTitles":["","Block functional cross-platform verification"],"fullName":" Block functional cross-platform verification Block [ws_server_init] should generate code across platforms","status":"pending","title":"Block [ws_server_init] should generate code across platforms","failureMessages":[]},{"ancestorTitles":["","Block functional cross-platform verification"],"fullName":" Block functional cross-platform verification Block [ws_on_event] should generate code across platforms","status":"pending","title":"Block [ws_on_event] should generate code across platforms","failureMessages":[]},{"ancestorTitles":["","Block functional cross-platform verification"],"fullName":" Block functional cross-platform verification Block [ws_check_type] should generate code across platforms","status":"pending","title":"Block [ws_check_type] should generate code across platforms","failureMessages":[]},{"ancestorTitles":["","Block functional cross-platform verification"],"fullName":" Block functional cross-platform verification Block [ws_send_all] should generate code across platforms","status":"pending","title":"Block [ws_send_all] should generate code across platforms","failureMessages":[]},{"ancestorTitles":["","Block functional cross-platform verification"],"fullName":" Block functional cross-platform verification Block [modbus_init] should generate code across platforms","status":"pending","title":"Block [modbus_init] should generate code across platforms","failureMessages":[]},{"ancestorTitles":["","Block functional cross-platform verification"],"fullName":" Block functional cross-platform verification Block [modbus_read_regs] should generate code across platforms","status":"pending","title":"Block [modbus_read_regs] should generate code across platforms","failureMessages":[]},{"ancestorTitles":["","Block functional cross-platform verification"],"fullName":" Block functional cross-platform verification Block [modbus_get_buffer] should generate code across platforms","status":"pending","title":"Block [modbus_get_buffer] should generate code across platforms","failureMessages":[]},{"ancestorTitles":["","Block functional cross-platform verification"],"fullName":" Block functional cross-platform verification Block [can_init] should generate code across platforms","status":"pending","title":"Block [can_init] should generate code across platforms","failureMessages":[]},{"ancestorTitles":["","Block functional cross-platform verification"],"fullName":" Block functional cross-platform verification Block [can_send] should generate code across platforms","status":"pending","title":"Block [can_send] should generate code across platforms","failureMessages":[]},{"ancestorTitles":["","Block functional cross-platform verification"],"fullName":" Block functional cross-platform verification Block [telegram_config] should generate code across platforms","status":"pending","title":"Block [telegram_config] should generate code across platforms","failureMessages":[]},{"ancestorTitles":["","Block functional cross-platform verification"],"fullName":" Block functional cross-platform verification Block [telegram_check] should generate code across platforms","status":"pending","title":"Block [telegram_check] should generate code across platforms","failureMessages":[]},{"ancestorTitles":["","Block functional cross-platform verification"],"fullName":" Block functional cross-platform verification Block [telegram_msg_text] should generate code across platforms","status":"pending","title":"Block [telegram_msg_text] should generate code across platforms","failureMessages":[]},{"ancestorTitles":["","Block functional cross-platform verification"],"fullName":" Block functional cross-platform verification Block [telegram_send] should generate code across platforms","status":"pending","title":"Block [telegram_send] should generate code across platforms","failureMessages":[]},{"ancestorTitles":["","Block functional cross-platform verification"],"fullName":" Block functional cross-platform verification Block [usb_keyboard_init] should generate code across platforms","status":"pending","title":"Block [usb_keyboard_init] should generate code across platforms","failureMessages":[]},{"ancestorTitles":["","Block functional cross-platform verification"],"fullName":" Block functional cross-platform verification Block [usb_keyboard_print] should generate code across platforms","status":"pending","title":"Block [usb_keyboard_print] should generate code across platforms","failureMessages":[]},{"ancestorTitles":["","Block functional cross-platform verification"],"fullName":" Block functional cross-platform verification Block [usb_keyboard_press] should generate code across platforms","status":"pending","title":"Block [usb_keyboard_press] should generate code across platforms","failureMessages":[]},{"ancestorTitles":["","Block functional cross-platform verification"],"fullName":" Block functional cross-platform verification Block [usb_mouse_init] should generate code across platforms","status":"pending","title":"Block [usb_mouse_init] should generate code across platforms","failureMessages":[]},{"ancestorTitles":["","Block functional cross-platform verification"],"fullName":" Block functional cross-platform verification Block [usb_mouse_move] should generate code across platforms","status":"pending","title":"Block [usb_mouse_move] should generate code across platforms","failureMessages":[]},{"ancestorTitles":["","Block functional cross-platform verification"],"fullName":" Block functional cross-platform verification Block [usb_mouse_click] should generate code across platforms","status":"pending","title":"Block [usb_mouse_click] should generate code across platforms","failureMessages":[]},{"ancestorTitles":["","Block functional cross-platform verification"],"fullName":" Block functional cross-platform verification Block [http_get] should generate code across platforms","status":"pending","title":"Block [http_get] should generate code across platforms","failureMessages":[]},{"ancestorTitles":["","Block functional cross-platform verification"],"fullName":" Block functional cross-platform verification Block [http_post] should generate code across platforms","status":"pending","title":"Block [http_post] should generate code across platforms","failureMessages":[]},{"ancestorTitles":["","Block functional cross-platform verification"],"fullName":" Block functional cross-platform verification Block [ethernet_w5500_init] should generate code across platforms","status":"pending","title":"Block [ethernet_w5500_init] should generate code across platforms","failureMessages":[]},{"ancestorTitles":["","Block functional cross-platform verification"],"fullName":" Block functional cross-platform verification Block [ethernet_w5500_get_ip] should generate code across platforms","status":"pending","title":"Block [ethernet_w5500_get_ip] should generate code across platforms","failureMessages":[]},{"ancestorTitles":["","Block functional cross-platform verification"],"fullName":" Block functional cross-platform verification Block [openai_init] should generate code across platforms","status":"pending","title":"Block [openai_init] should generate code across platforms","failureMessages":[]},{"ancestorTitles":["","Block functional cross-platform verification"],"fullName":" Block functional cross-platform verification Block [openai_ask] should generate code across platforms","status":"pending","title":"Block [openai_ask] should generate code across platforms","failureMessages":[]},{"ancestorTitles":["","Block functional cross-platform verification"],"fullName":" Block functional cross-platform verification Block [firebase_config] should generate code across platforms","status":"pending","title":"Block [firebase_config] should generate code across platforms","failureMessages":[]},{"ancestorTitles":["","Block functional cross-platform verification"],"fullName":" Block functional cross-platform verification Block [firebase_set_int] should generate code across platforms","status":"pending","title":"Block [firebase_set_int] should generate code across platforms","failureMessages":[]},{"ancestorTitles":["","Block functional cross-platform verification"],"fullName":" Block functional cross-platform verification Block [firebase_get_int] should generate code across platforms","status":"pending","title":"Block [firebase_get_int] should generate code across platforms","failureMessages":[]},{"ancestorTitles":["","Block functional cross-platform verification"],"fullName":" Block functional cross-platform verification Block [firebase_set_string] should generate code across platforms","status":"pending","title":"Block [firebase_set_string] should generate code across platforms","failureMessages":[]},{"ancestorTitles":["","Block functional cross-platform verification"],"fullName":" Block functional cross-platform verification Block [base_delay] should generate code across platforms","status":"pending","title":"Block [base_delay] should generate code across platforms","failureMessages":[]},{"ancestorTitles":["","Block functional cross-platform verification"],"fullName":" Block functional cross-platform verification Block [base_map] should generate code across platforms","status":"pending","title":"Block [base_map] should generate code across platforms","failureMessages":[]},{"ancestorTitles":["","Block functional cross-platform verification"],"fullName":" Block functional cross-platform verification Block [various_constrain] should generate code across platforms","status":"pending","title":"Block [various_constrain] should generate code across platforms","failureMessages":[]},{"ancestorTitles":["","Block functional cross-platform verification"],"fullName":" Block functional cross-platform verification Block [arduino_cpp_raw] should generate code across platforms","status":"pending","title":"Block [arduino_cpp_raw] should generate code across platforms","failureMessages":[]},{"ancestorTitles":["","Block functional cross-platform verification"],"fullName":" Block functional cross-platform verification Block [example_led_control] should generate code across platforms","status":"pending","title":"Block [example_led_control] should generate code across platforms","failureMessages":[]},{"ancestorTitles":["","Block functional cross-platform verification"],"fullName":" Block functional cross-platform verification Block [example_dht_init] should generate code across platforms","status":"pending","title":"Block [example_dht_init] should generate code across platforms","failureMessages":[]},{"ancestorTitles":["","Block functional cross-platform verification"],"fullName":" Block functional cross-platform verification Block [example_dht_read_temp] should generate code across platforms","status":"pending","title":"Block [example_dht_read_temp] should generate code across platforms","failureMessages":[]},{"ancestorTitles":["","Block functional cross-platform verification"],"fullName":" Block functional cross-platform verification Block [complex_sensor_read] should generate code across platforms","status":"pending","title":"Block [complex_sensor_read] should generate code across platforms","failureMessages":[]},{"ancestorTitles":["","Block functional cross-platform verification"],"fullName":" Block functional cross-platform verification Block [test_dev_log] should generate code across platforms","status":"pending","title":"Block [test_dev_log] should generate code across platforms","failureMessages":[]}],"startTime":1773547056552,"endTime":1773547056552,"status":"passed","message":"","name":"C:/Users/wofy/Desktop/embedblocks-studio/src/generators/blocks_functional.test.ts"}]}